<?xml version="1.0" encoding="UTF-8"?>
<!-- Generated by org.testng.reporters.JUnitReportReporter -->
<testsuite skipped="4" hostname="DESKTOP-NCJM12M" name="com.class4.Task1" tests="6" failures="0" timestamp="26 Mar 2020 05:53:01 GMT" time="0.000" errors="2">
  <testcase name="Task2" time="0.000" classname="com.class4.Task1">
    <skipped/>
  </testcase> <!-- Task2 -->
  <testcase name="task3" time="0.000" classname="com.class4.Task1">
    <skipped/>
  </testcase> <!-- task3 -->
  <testcase name="Task2changeAdress" time="0.000" classname="com.class4.Task1">
    <skipped/>
  </testcase> <!-- Task2changeAdress -->
  <testcase name="Task2" time="0.000" classname="com.class4.Task1">
    <skipped/>
  </testcase> <!-- Task2 -->
  <testcase name="login" time="0.000" classname="com.class4.Task1">
    <error type="org.testng.TestNGException" message="
Parameter &#039;browserr&#039; is required by BeforeClass on method login but has not been marked @Optional or defined
in C:\Users\husey\AppData\Local\Temp\testng-eclipse-2124467060\testng-customsuite.xml">
      <![CDATA[org.testng.TestNGException: 
Parameter 'browserr' is required by BeforeClass on method login but has not been marked @Optional or defined
in C:\Users\husey\AppData\Local\Temp\testng-eclipse-2124467060\testng-customsuite.xml
at org.testng.internal.Parameters.createParams(Parameters.java:290)
at org.testng.internal.Parameters.createParametersForMethod(Parameters.java:359)
at org.testng.internal.Parameters.createParameters(Parameters.java:620)
at org.testng.internal.Parameters.createConfigurationParameters(Parameters.java:190)
at org.testng.internal.Invoker.invokeConfigurations(Invoker.java:209)
at org.testng.internal.Invoker.invokeConfigurations(Invoker.java:142)
at org.testng.internal.TestMethodWorker.invokeBeforeClassMethods(TestMethodWorker.java:168)
at org.testng.internal.TestMethodWorker.run(TestMethodWorker.java:105)
at org.testng.TestRunner.privateRun(TestRunner.java:648)
at org.testng.TestRunner.run(TestRunner.java:505)
at org.testng.SuiteRunner.runTest(SuiteRunner.java:455)
at org.testng.SuiteRunner.runSequentially(SuiteRunner.java:450)
at org.testng.SuiteRunner.privateRun(SuiteRunner.java:415)
at org.testng.SuiteRunner.run(SuiteRunner.java:364)
at org.testng.SuiteRunnerWorker.runSuite(SuiteRunnerWorker.java:52)
at org.testng.SuiteRunnerWorker.run(SuiteRunnerWorker.java:84)
at org.testng.TestNG.runSuitesSequentially(TestNG.java:1208)
at org.testng.TestNG.runSuitesLocally(TestNG.java:1137)
at org.testng.TestNG.runSuites(TestNG.java:1049)
at org.testng.TestNG.run(TestNG.java:1017)
at org.testng.remote.AbstractRemoteTestNG.run(AbstractRemoteTestNG.java:115)
at org.testng.remote.RemoteTestNG.initAndRun(RemoteTestNG.java:251)
at org.testng.remote.RemoteTestNG.main(RemoteTestNG.java:77)
]]>
    </error>
  </testcase> <!-- login -->
  <testcase name="Task1" time="0.000" classname="com.class4.Task1">
    <error type="org.testng.TestNGException" message="
Parameter &#039;giris&#039; is required by @Test on method Task1 but has not been marked @Optional or defined
in C:\Users\husey\AppData\Local\Temp\testng-eclipse-2124467060\testng-customsuite.xml">
      <![CDATA[org.testng.TestNGException: 
Parameter 'giris' is required by @Test on method Task1 but has not been marked @Optional or defined
in C:\Users\husey\AppData\Local\Temp\testng-eclipse-2124467060\testng-customsuite.xml
at org.testng.internal.Parameters.createParams(Parameters.java:290)
at org.testng.internal.Parameters.createParametersForMethod(Parameters.java:359)
at org.testng.internal.Parameters.createParameters(Parameters.java:620)
at org.testng.internal.Parameters.handleParameters(Parameters.java:769)
at org.testng.internal.ParameterHandler.handleParameters(ParameterHandler.java:49)
at org.testng.internal.ParameterHandler.createParameters(ParameterHandler.java:37)
at org.testng.internal.Invoker.invokeTestMethods(Invoker.java:924)
at org.testng.internal.TestMethodWorker.invokeTestMethods(TestMethodWorker.java:125)
at org.testng.internal.TestMethodWorker.run(TestMethodWorker.java:109)
at org.testng.TestRunner.privateRun(TestRunner.java:648)
at org.testng.TestRunner.run(TestRunner.java:505)
at org.testng.SuiteRunner.runTest(SuiteRunner.java:455)
at org.testng.SuiteRunner.runSequentially(SuiteRunner.java:450)
at org.testng.SuiteRunner.privateRun(SuiteRunner.java:415)
at org.testng.SuiteRunner.run(SuiteRunner.java:364)
at org.testng.SuiteRunnerWorker.runSuite(SuiteRunnerWorker.java:52)
at org.testng.SuiteRunnerWorker.run(SuiteRunnerWorker.java:84)
at org.testng.TestNG.runSuitesSequentially(TestNG.java:1208)
at org.testng.TestNG.runSuitesLocally(TestNG.java:1137)
at org.testng.TestNG.runSuites(TestNG.java:1049)
at org.testng.TestNG.run(TestNG.java:1017)
at org.testng.remote.AbstractRemoteTestNG.run(AbstractRemoteTestNG.java:115)
at org.testng.remote.RemoteTestNG.initAndRun(RemoteTestNG.java:251)
at org.testng.remote.RemoteTestNG.main(RemoteTestNG.java:77)
]]>
    </error>
  </testcase> <!-- Task1 -->
</testsuite> <!-- com.class4.Task1 -->
