<?xml version="1.0" encoding="UTF-8"?>
<!-- Generated by org.testng.reporters.JUnitReportReporter -->
<testsuite skipped="3" hostname="DESKTOP-NCJM12M" name="Recap.Saucedemo" tests="4" failures="0" timestamp="18 Mar 2020 09:01:45 GMT" time="16.249" errors="1">
  <testcase name="setUp" time="16.249" classname="Recap.Saucedemo">
    <error type="org.openqa.selenium.SessionNotCreatedException" message="session not created
from chrome not reachable
  (Session info: chrome=80.0.3987.132)
Build info: version: &#039;3.141.59&#039;, revision: &#039;e82be7d358&#039;, time: &#039;2018-11-14T08:25:48&#039;
System info: host: &#039;DESKTOP-NCJM12M&#039;, ip: &#039;192.168.1.2&#039;, os.name: &#039;Windows 10&#039;, os.arch: &#039;amd64&#039;, os.version: &#039;10.0&#039;, java.version: &#039;1.8.0_201&#039;
Driver info: driver.version: ChromeDriver
remote stacktrace: Backtrace:
	Ordinal0 [0x007A0C83+1707139]
	Ordinal0 [0x007068F1+1075441]
	Ordinal0 [0x0067DE72+515698]
	Ordinal0 [0x00677CA8+490664]
	Ordinal0 [0x0067839B+492443]
	Ordinal0 [0x006792F5+496373]
	Ordinal0 [0x00674F05+478981]
	Ordinal0 [0x0067ECA0+519328]
	Ordinal0 [0x0062CA67+182887]
	Ordinal0 [0x0062BDDD+179677]
	Ordinal0 [0x00629D4B+171339]
	Ordinal0 [0x00611D4A+73034]
	Ordinal0 [0x00612DC0+77248]
	Ordinal0 [0x00612D59+77145]
	Ordinal0 [0x0071BB67+1162087]
	GetHandleVerifier [0x0083A966+508998]
	GetHandleVerifier [0x0083A6A4+508292]
	GetHandleVerifier [0x0084F7B7+594583]
	GetHandleVerifier [0x0083B1D6+511158]
	Ordinal0 [0x0071402C+1130540]
	Ordinal0 [0x0071D4CB+1168587]
	Ordinal0 [0x0071D633+1168947]
	Ordinal0 [0x00735B35+1268533]
	BaseThreadInitThunk [0x76846359+25]
	RtlGetAppContainerNamedObjectPath [0x770F7B74+228]
	RtlGetAppContainerNamedObjectPath [0x770F7B44+180]
">
      <![CDATA[org.openqa.selenium.SessionNotCreatedException: session not created
from chrome not reachable
  (Session info: chrome=80.0.3987.132)
Build info: version: '3.141.59', revision: 'e82be7d358', time: '2018-11-14T08:25:48'
System info: host: 'DESKTOP-NCJM12M', ip: '192.168.1.2', os.name: 'Windows 10', os.arch: 'amd64', os.version: '10.0', java.version: '1.8.0_201'
Driver info: driver.version: ChromeDriver
remote stacktrace: Backtrace:
Ordinal0 [0x007A0C83+1707139]
Ordinal0 [0x007068F1+1075441]
Ordinal0 [0x0067DE72+515698]
Ordinal0 [0x00677CA8+490664]
Ordinal0 [0x0067839B+492443]
Ordinal0 [0x006792F5+496373]
Ordinal0 [0x00674F05+478981]
Ordinal0 [0x0067ECA0+519328]
Ordinal0 [0x0062CA67+182887]
Ordinal0 [0x0062BDDD+179677]
Ordinal0 [0x00629D4B+171339]
Ordinal0 [0x00611D4A+73034]
Ordinal0 [0x00612DC0+77248]
Ordinal0 [0x00612D59+77145]
Ordinal0 [0x0071BB67+1162087]
GetHandleVerifier [0x0083A966+508998]
GetHandleVerifier [0x0083A6A4+508292]
GetHandleVerifier [0x0084F7B7+594583]
GetHandleVerifier [0x0083B1D6+511158]
Ordinal0 [0x0071402C+1130540]
Ordinal0 [0x0071D4CB+1168587]
Ordinal0 [0x0071D633+1168947]
Ordinal0 [0x00735B35+1268533]
BaseThreadInitThunk [0x76846359+25]
RtlGetAppContainerNamedObjectPath [0x770F7B74+228]
RtlGetAppContainerNamedObjectPath [0x770F7B44+180]

at sun.reflect.NativeConstructorAccessorImpl.newInstance0(Native Method)
at sun.reflect.NativeConstructorAccessorImpl.newInstance(Unknown Source)
at sun.reflect.DelegatingConstructorAccessorImpl.newInstance(Unknown Source)
at java.lang.reflect.Constructor.newInstance(Unknown Source)
at org.openqa.selenium.remote.W3CHandshakeResponse.lambda$errorHandler$0(W3CHandshakeResponse.java:62)
at org.openqa.selenium.remote.HandshakeResponse.lambda$getResponseFunction$0(HandshakeResponse.java:30)
at org.openqa.selenium.remote.ProtocolHandshake.lambda$createSession$0(ProtocolHandshake.java:126)
at java.util.stream.ReferencePipeline$3$1.accept(Unknown Source)
at java.util.Spliterators$ArraySpliterator.tryAdvance(Unknown Source)
at java.util.stream.ReferencePipeline.forEachWithCancel(Unknown Source)
at java.util.stream.AbstractPipeline.copyIntoWithCancel(Unknown Source)
at java.util.stream.AbstractPipeline.copyInto(Unknown Source)
at java.util.stream.AbstractPipeline.wrapAndCopyInto(Unknown Source)
at java.util.stream.FindOps$FindOp.evaluateSequential(Unknown Source)
at java.util.stream.AbstractPipeline.evaluate(Unknown Source)
at java.util.stream.ReferencePipeline.findFirst(Unknown Source)
at org.openqa.selenium.remote.ProtocolHandshake.createSession(ProtocolHandshake.java:128)
at org.openqa.selenium.remote.ProtocolHandshake.createSession(ProtocolHandshake.java:74)
at org.openqa.selenium.remote.HttpCommandExecutor.execute(HttpCommandExecutor.java:136)
at org.openqa.selenium.remote.service.DriverCommandExecutor.execute(DriverCommandExecutor.java:83)
at org.openqa.selenium.remote.RemoteWebDriver.execute(RemoteWebDriver.java:552)
at org.openqa.selenium.remote.RemoteWebDriver.startSession(RemoteWebDriver.java:213)
at org.openqa.selenium.remote.RemoteWebDriver.<init>(RemoteWebDriver.java:131)
at org.openqa.selenium.chrome.ChromeDriver.<init>(ChromeDriver.java:181)
at org.openqa.selenium.chrome.ChromeDriver.<init>(ChromeDriver.java:168)
at org.openqa.selenium.chrome.ChromeDriver.<init>(ChromeDriver.java:157)
at utils.CommonMethods.setUpDriver(CommonMethods.java:35)
at Recap.Saucedemo.setUp(Saucedemo.java:29)
at sun.reflect.NativeMethodAccessorImpl.invoke0(Native Method)
at sun.reflect.NativeMethodAccessorImpl.invoke(Unknown Source)
at sun.reflect.DelegatingMethodAccessorImpl.invoke(Unknown Source)
at java.lang.reflect.Method.invoke(Unknown Source)
at org.testng.internal.MethodInvocationHelper.invokeMethod(MethodInvocationHelper.java:124)
at org.testng.internal.MethodInvocationHelper.invokeMethodConsideringTimeout(MethodInvocationHelper.java:59)
at org.testng.internal.Invoker.invokeConfigurationMethod(Invoker.java:458)
at org.testng.internal.Invoker.invokeConfigurations(Invoker.java:222)
at org.testng.internal.Invoker.invokeConfigurations(Invoker.java:142)
at org.testng.internal.TestMethodWorker.invokeBeforeClassMethods(TestMethodWorker.java:168)
at org.testng.internal.TestMethodWorker.run(TestMethodWorker.java:105)
at java.util.concurrent.ThreadPoolExecutor.runWorker(Unknown Source)
at java.util.concurrent.ThreadPoolExecutor$Worker.run(Unknown Source)
at java.lang.Thread.run(Unknown Source)
]]>
    </error>
  </testcase> <!-- setUp -->
  <testcase name="login" time="0.000" classname="Recap.Saucedemo">
    <skipped/>
  </testcase> <!-- login -->
  <testcase name="display" time="0.000" classname="Recap.Saucedemo">
    <skipped/>
  </testcase> <!-- display -->
  <testcase name="photo" time="0.000" classname="Recap.Saucedemo">
    <skipped/>
  </testcase> <!-- photo -->
</testsuite> <!-- Recap.Saucedemo -->
